<?xml version="1.0" encoding="UTF-8"?>
<testng-results ignored="0" total="3" passed="2" failed="1" skipped="0">
  <reporter-output>
  </reporter-output>
  <suite started-at="2026-01-14T09:27:37 CET" name="Default suite" finished-at="2026-01-14T09:27:47 CET" duration-ms="10238">
    <groups>
    </groups>
    <test started-at="2026-01-14T09:27:37 CET" name="Default test" finished-at="2026-01-14T09:27:47 CET" duration-ms="10238">
      <class name="jacaranda.com.PracticaSelenium">
        <test-method is-config="true" signature="setUp()[pri:0, instance:jacaranda.com.PracticaSelenium@13e344d]" started-at="2026-01-14T09:27:37 CET" name="setUp" finished-at="2026-01-14T09:27:41 CET" duration-ms="4287" status="PASS">
          <reporter-output>
          </reporter-output>
        </test-method> <!-- setUp -->
        <test-method signature="chehckLoginWithCredentials()[pri:0, instance:jacaranda.com.PracticaSelenium@13e344d]" started-at="2026-01-14T09:27:41 CET" name="chehckLoginWithCredentials" finished-at="2026-01-14T09:27:43 CET" duration-ms="2281" status="FAIL">
          <exception class="java.lang.AssertionError">
            <message>
              <![CDATA[Error, la url no es la esperada expected [true] but found [false]]]>
            </message>
            <full-stacktrace>
              <![CDATA[java.lang.AssertionError: Error, la url no es la esperada expected [true] but found [false]
at org.testng.Assert.fail(Assert.java:111)
at org.testng.Assert.failNotEquals(Assert.java:1578)
at org.testng.Assert.assertTrue(Assert.java:57)
at jacaranda.com.PracticaSelenium.chehckLoginWithCredentials(PracticaSelenium.java:37)
at java.base/jdk.internal.reflect.NativeMethodAccessorImpl.invoke0(Native Method)
at java.base/jdk.internal.reflect.NativeMethodAccessorImpl.invoke(NativeMethodAccessorImpl.java:77)
at java.base/jdk.internal.reflect.DelegatingMethodAccessorImpl.invoke(DelegatingMethodAccessorImpl.java:43)
at java.base/java.lang.reflect.Method.invoke(Method.java:568)
at org.testng.internal.invokers.MethodInvocationHelper.invokeMethod(MethodInvocationHelper.java:139)
at org.testng.internal.invokers.TestInvoker.invokeMethod(TestInvoker.java:664)
at org.testng.internal.invokers.TestInvoker.invokeTestMethod(TestInvoker.java:227)
at org.testng.internal.invokers.MethodRunner.runInSequence(MethodRunner.java:50)
at org.testng.internal.invokers.TestInvoker$MethodInvocationAgent.invoke(TestInvoker.java:957)
at org.testng.internal.invokers.TestInvoker.invokeTestMethods(TestInvoker.java:200)
at org.testng.internal.invokers.TestMethodWorker.invokeTestMethods(TestMethodWorker.java:148)
at org.testng.internal.invokers.TestMethodWorker.run(TestMethodWorker.java:128)
at java.base/java.util.ArrayList.forEach(ArrayList.java:1511)
at org.testng.TestRunner.privateRun(TestRunner.java:848)
at org.testng.TestRunner.run(TestRunner.java:621)
at org.testng.SuiteRunner.runTest(SuiteRunner.java:443)
at org.testng.SuiteRunner.runSequentially(SuiteRunner.java:437)
at org.testng.SuiteRunner.privateRun(SuiteRunner.java:397)
at org.testng.SuiteRunner.run(SuiteRunner.java:336)
at org.testng.SuiteRunnerWorker.runSuite(SuiteRunnerWorker.java:52)
at org.testng.SuiteRunnerWorker.run(SuiteRunnerWorker.java:95)
at org.testng.TestNG.runSuitesSequentially(TestNG.java:1280)
at org.testng.TestNG.runSuitesLocally(TestNG.java:1200)
at org.testng.TestNG.runSuites(TestNG.java:1114)
at org.testng.TestNG.run(TestNG.java:1082)
at org.testng.remote.AbstractRemoteTestNG.run(AbstractRemoteTestNG.java:115)
at org.testng.remote.RemoteTestNG.initAndRun(RemoteTestNG.java:293)
at org.testng.remote.RemoteTestNG.main(RemoteTestNG.java:91)
]]>
            </full-stacktrace>
          </exception> <!-- java.lang.AssertionError -->
          <reporter-output>
          </reporter-output>
        </test-method> <!-- chehckLoginWithCredentials -->
        <test-method signature="chehckLoginWithCredentialsErroneas()[pri:0, instance:jacaranda.com.PracticaSelenium@13e344d]" started-at="2026-01-14T09:27:44 CET" name="chehckLoginWithCredentialsErroneas" finished-at="2026-01-14T09:27:44 CET" duration-ms="894" status="PASS">
          <reporter-output>
          </reporter-output>
        </test-method> <!-- chehckLoginWithCredentialsErroneas -->
        <test-method signature="waitHello()[pri:0, instance:jacaranda.com.PracticaSelenium@13e344d]" started-at="2026-01-14T09:27:44 CET" name="waitHello" finished-at="2026-01-14T09:27:47 CET" duration-ms="2464" status="PASS">
          <reporter-output>
          </reporter-output>
        </test-method> <!-- waitHello -->
        <test-method is-config="true" signature="teardown()[pri:0, instance:jacaranda.com.PracticaSelenium@13e344d]" started-at="2026-01-14T09:27:47 CET" name="teardown" finished-at="2026-01-14T09:27:47 CET" duration-ms="133" status="PASS">
          <reporter-output>
          </reporter-output>
        </test-method> <!-- teardown -->
      </class> <!-- jacaranda.com.PracticaSelenium -->
    </test> <!-- Default test -->
  </suite> <!-- Default suite -->
</testng-results>
